<?xml version="1.0" encoding="UTF-8"?>
<!-- Generated by org.testng.reporters.JUnitReportReporter -->
<testsuite hostname="L-15S7152" failures="0" tests="1" name="main.BannersPhantomDriver" time="37.081" errors="0" timestamp="4 Jul 2018 15:10:31 GMT">
  <testcase classname="main.BannersPhantomDriver" name="f" time="37.081"/>
</testsuite> <!-- main.BannersPhantomDriver -->
